<?xml version="1.0" encoding="UTF-8"?>
<testng-results ignored="0" total="1" passed="1" failed="0" skipped="0">
  <reporter-output>
  </reporter-output>
  <suite started-at="2021-08-09T19:58:07 IST" name="Default suite" finished-at="2021-08-09T19:58:53 IST" duration-ms="46146">
    <groups>
    </groups>
    <test started-at="2021-08-09T19:58:07 IST" name="Default test" finished-at="2021-08-09T19:58:53 IST" duration-ms="46146">
      <class name="Activity.Activity_06">
        <test-method is-config="true" signature="setup()[pri:0, instance:Activity.Activity_06@49912c99]" started-at="2021-08-09T19:58:07 IST" name="setup" finished-at="2021-08-09T19:58:28 IST" duration-ms="20941" status="PASS">
          <reporter-output>
          </reporter-output>
        </test-method> <!-- setup -->
        <test-method signature="testSearchAppium()[pri:0, instance:Activity.Activity_06@49912c99]" started-at="2021-08-09T19:58:28 IST" name="testSearchAppium" finished-at="2021-08-09T19:58:53 IST" duration-ms="25063" status="PASS">
          <reporter-output>
          </reporter-output>
        </test-method> <!-- testSearchAppium -->
      </class> <!-- Activity.Activity_06 -->
    </test> <!-- Default test -->
  </suite> <!-- Default suite -->
</testng-results>
