<?xml version="1.0" encoding="UTF-8"?>
<!-- Generated by org.testng.reporters.JUnitXMLReporter -->
<testsuite ignored="0" hostname="LAPTOP-21STD7K1" failures="0" tests="3" name="Default test" time="172.96" errors="0" timestamp="2021-07-28T11:31:44 IST">
  <testcase classname="Activity.Activity07" name="Login" time="3.79"/>
  <testcase classname="Activity.Activity07" name="checkSales" time="1.086"/>
  <testcase classname="Activity.Activity07" name="Info" time="155.672"/>
</testsuite> <!-- Default test -->
