<?xml version="1.0" encoding="UTF-8"?>
<testng-results ignored="0" total="3" passed="3" failed="0" skipped="0">
  <reporter-output>
  </reporter-output>
  <suite started-at="2021-07-28T11:28:51 IST" name="Default suite" finished-at="2021-07-28T11:31:44 IST" duration-ms="172960">
    <groups>
    </groups>
    <test started-at="2021-07-28T11:28:51 IST" name="Default test" finished-at="2021-07-28T11:31:44 IST" duration-ms="172960">
      <class name="Activity.Activity07">
        <test-method is-config="true" signature="beforeMethod()[pri:0, instance:Activity.Activity07@2b48a640]" started-at="2021-07-28T11:28:51 IST" name="beforeMethod" finished-at="2021-07-28T11:29:00 IST" duration-ms="8229" status="PASS">
          <reporter-output>
          </reporter-output>
        </test-method> <!-- beforeMethod -->
        <test-method signature="Login()[pri:1, instance:Activity.Activity07@2b48a640]" started-at="2021-07-28T11:29:00 IST" name="Login" finished-at="2021-07-28T11:29:03 IST" duration-ms="3790" status="PASS">
          <reporter-output>
          </reporter-output>
        </test-method> <!-- Login -->
        <test-method signature="checkSales()[pri:2, instance:Activity.Activity07@2b48a640]" started-at="2021-07-28T11:29:03 IST" name="checkSales" finished-at="2021-07-28T11:29:04 IST" duration-ms="1086" status="PASS">
          <reporter-output>
          </reporter-output>
        </test-method> <!-- checkSales -->
        <test-method signature="Info()[pri:3, instance:Activity.Activity07@2b48a640]" started-at="2021-07-28T11:29:04 IST" name="Info" finished-at="2021-07-28T11:31:40 IST" duration-ms="155672" status="PASS">
          <reporter-output>
          </reporter-output>
        </test-method> <!-- Info -->
        <test-method is-config="true" signature="afterClass()[pri:0, instance:Activity.Activity07@2b48a640]" started-at="2021-07-28T11:31:40 IST" name="afterClass" finished-at="2021-07-28T11:31:44 IST" duration-ms="4129" status="PASS">
          <reporter-output>
          </reporter-output>
        </test-method> <!-- afterClass -->
      </class> <!-- Activity.Activity07 -->
    </test> <!-- Default test -->
  </suite> <!-- Default suite -->
</testng-results>
