<?xml version="1.0" encoding="UTF-8"?>
<testng-results ignored="0" total="1" passed="1" failed="0" skipped="0">
  <reporter-output>
  </reporter-output>
  <suite started-at="2021-08-12T23:07:29 IST" name="Default suite" finished-at="2021-08-12T23:08:31 IST" duration-ms="62812">
    <groups>
    </groups>
    <test started-at="2021-08-12T23:07:29 IST" name="Default test" finished-at="2021-08-12T23:08:31 IST" duration-ms="62812">
      <class name="Activity.Project_06">
        <test-method is-config="true" signature="setup()[pri:0, instance:Activity.Project_06@49912c99]" started-at="2021-08-12T23:07:29 IST" name="setup" finished-at="2021-08-12T23:07:49 IST" duration-ms="20334" status="PASS">
          <reporter-output>
          </reporter-output>
        </test-method> <!-- setup -->
        <test-method signature="testSearchAppium()[pri:0, instance:Activity.Project_06@49912c99]" started-at="2021-08-12T23:07:49 IST" name="testSearchAppium" finished-at="2021-08-12T23:08:31 IST" duration-ms="42370" status="PASS">
          <reporter-output>
          </reporter-output>
        </test-method> <!-- testSearchAppium -->
      </class> <!-- Activity.Project_06 -->
    </test> <!-- Default test -->
  </suite> <!-- Default suite -->
</testng-results>
